TN:
SF:src/presentation/helpers/http-response.js
FN:5,badRequest
FN:12,serverError
FN:19,unauthorizedError
FN:26,success
FNF:4
FNH:4
FNDA:3,badRequest
FNDA:9,serverError
FNDA:1,unauthorizedError
FNDA:3,success
DA:1,1
DA:2,1
DA:3,1
DA:4,1
DA:5,1
DA:6,3
DA:7,3
DA:8,3
DA:9,3
DA:10,3
DA:11,1
DA:12,1
DA:13,9
DA:14,9
DA:15,9
DA:16,9
DA:17,9
DA:18,1
DA:19,1
DA:20,1
DA:21,1
DA:22,1
DA:23,1
DA:24,1
DA:25,1
DA:26,1
DA:27,3
DA:28,3
DA:29,3
DA:30,3
DA:31,3
DA:32,1
LF:32
LH:32
BRDA:5,0,0,3
BRDA:12,1,0,9
BRDA:19,2,0,1
BRDA:26,3,0,3
BRF:4
BRH:4
end_of_record
TN:
SF:src/presentation/helpers/invalid-param-error.js
FN:2,InvalidParamError
FNF:1
FNH:1
FNDA:2,InvalidParamError
DA:1,1
DA:2,1
DA:3,2
DA:4,2
DA:5,2
DA:6,1
LF:6
LH:6
BRDA:2,0,0,2
BRF:1
BRH:1
end_of_record
TN:
SF:src/presentation/helpers/missing-param-error.js
FN:2,MissingParamError
FNF:1
FNH:1
FNDA:4,MissingParamError
DA:1,1
DA:2,1
DA:3,4
DA:4,4
DA:5,4
DA:6,1
LF:6
LH:6
BRDA:2,0,0,4
BRF:1
BRH:1
end_of_record
TN:
SF:src/presentation/helpers/server-error.js
FN:2,ServerError
FNF:1
FNH:1
FNDA:18,ServerError
DA:1,1
DA:2,1
DA:3,18
DA:4,18
DA:5,18
DA:6,1
LF:6
LH:6
BRDA:2,0,0,18
BRF:1
BRH:1
end_of_record
TN:
SF:src/presentation/helpers/unauthorized-error.js
FN:2,UnauthorizedError
FNF:1
FNH:1
FNDA:2,UnauthorizedError
DA:1,1
DA:2,1
DA:3,2
DA:4,2
DA:5,2
DA:6,1
LF:6
LH:6
BRDA:2,0,0,2
BRF:1
BRH:1
end_of_record
TN:
SF:src/presentation/routers/login-router.js
FN:6,LoginRouter
FN:11,route
FNF:2
FNH:2
FNDA:16,LoginRouter
FNDA:16,route
DA:1,1
DA:2,1
DA:3,1
DA:4,1
DA:5,1
DA:6,1
DA:7,16
DA:8,16
DA:9,16
DA:10,1
DA:11,1
DA:12,16
DA:13,16
DA:14,2
DA:15,2
DA:16,13
DA:17,13
DA:18,13
DA:19,16
DA:20,1
DA:21,1
DA:22,12
DA:23,16
DA:24,1
DA:25,1
DA:26,16
DA:27,1
DA:28,1
DA:29,4
DA:30,4
DA:31,16
DA:32,1
DA:33,1
DA:34,3
DA:35,3
DA:36,16
DA:37,7
DA:38,7
DA:39,16
DA:40,1
LF:40
LH:40
BRDA:6,0,0,16
BRDA:11,1,0,16
BRDA:13,2,0,2
BRDA:16,3,0,13
BRDA:19,4,0,1
BRDA:22,5,0,12
BRDA:23,6,0,1
BRDA:26,7,0,5
BRDA:26,8,0,1
BRDA:29,9,0,4
BRDA:31,10,0,1
BRDA:34,11,0,3
BRDA:36,12,0,7
BRF:13
BRH:13
end_of_record
